### Starting TaskPrologue of job 1104493 on tg060 at Sun Jun 22 04:22:35 PM CEST 2025
Running on cores 6-7,14-15,22-23,30-31 with governor ondemand
Sun Jun 22 16:22:35 2025       
+-----------------------------------------------------------------------------------------+
| NVIDIA-SMI 575.57.08              Driver Version: 575.57.08      CUDA Version: 12.9     |
|-----------------------------------------+------------------------+----------------------+
| GPU  Name                 Persistence-M | Bus-Id          Disp.A | Volatile Uncorr. ECC |
| Fan  Temp   Perf          Pwr:Usage/Cap |           Memory-Usage | GPU-Util  Compute M. |
|                                         |                        |               MIG M. |
|=========================================+========================+======================|
|   0  NVIDIA GeForce RTX 2080 Ti     On  |   00000000:AF:00.0 Off |                  N/A |
| 28%   29C    P8              4W /  250W |       1MiB /  11264MiB |      0%      Default |
|                                         |                        |                  N/A |
+-----------------------------------------+------------------------+----------------------+
                                                                                         
+-----------------------------------------------------------------------------------------+
| Processes:                                                                              |
|  GPU   GI   CI              PID   Type   Process name                        GPU Memory |
|        ID   ID                                                               Usage      |
|=========================================================================================|
|  No running processes found                                                             |
+-----------------------------------------------------------------------------------------+
### Finished TaskPrologue

ERROR: Unable to locate a modulefile for 'python/3.8'
16:22:56 | INFO | Loguru logging setup complete. Log file: /home/hpc/iwbn/iwbn111h/informative-missingness/project/logs/20250622_162256.log
16:22:56 | INFO | Loading and preparing the data...
16:22:56 | INFO | Preprocessing data from lab_events_7_days_prior.parquet with window size 7 days.
16:22:56 | INFO | Loading data from lab_events_7_days_prior.parquet and removing any duplicate rows.
16:23:09 | INFO | Numeric data shape: (273086, 15)
16:23:10 | INFO | Imputing data using KNN Imputer
17:01:53 | INFO | Training the Random Forest model...
17:02:00 | INFO | Evaluating the model...
17:02:00 | INFO | Logging model parameters...
17:02:00 | INFO | Parameter - n_estimators: 100
17:02:00 | INFO | Parameter - max_depth: 10
17:02:00 | INFO | Parameter - random_state: 42
17:02:00 | INFO | Parameter - class_weight: balanced
17:02:00 | INFO | Parameter - min_samples_split: 2
17:02:00 | INFO | Parameter - min_samples_leaf: 1
17:02:00 | INFO | Accuracy: 0.7812
17:02:00 | INFO | F1 Score: 0.8472
17:02:00 | INFO | Experiment completed.
17:02:25 | INFO | Loguru logging setup complete. Log file: /home/hpc/iwbn/iwbn111h/informative-missingness/project/logs/20250622_170225.log
17:02:25 | INFO | Loading and preparing the data...
17:02:25 | INFO | Preprocessing data from lab_events_7_days_prior.parquet with window size 7 days.
17:02:25 | INFO | Loading data from lab_events_7_days_prior.parquet and removing any duplicate rows.
17:02:35 | INFO | Numeric data shape: (273086, 15)
17:02:36 | INFO | Imputing data using KNN Imputer
=== JOB_STATISTICS ===
=== current date     : Sun Jun 22 05:22:55 PM CEST 2025
= Job-ID             : 1104493 on tinygpu
= Job-Name           : rf_train
= Job-Command        : /home/hpc/iwbn/iwbn111h/informative-missingness/train_rf.sbatch
= Initial workdir    : /home/hpc/iwbn/iwbn111h/informative-missingness
= Queue/Partition    : work
= Slurm account      : iwbn with QOS=normal
= Requested resources:  for 01:00:00
= Elapsed runtime    : 01:00:18
= Total RAM usage    : 4.6 GiB of requested  GiB (%)   
= Node list          : tg060
= Subm/Elig/Start/End: 2025-06-22T16:21:32 / 2025-06-22T16:21:32 / 2025-06-22T16:21:35 / 2025-06-22T17:21:53
======================
=== Quota infos ======
    Path                 Used     SoftQ    HardQ    Gracetime  Filec    FileQ    FiHaQ    FileGrace    
    /home/vault             0.0K  1048.6G  2097.2G        N/A       1      200K     400K        N/A    
    /home/hpc               5.9G   104.9G   209.7G        N/A      51K     500K   1,000K        N/A    
======================
=== GPU utilization ==
gpu_name, gpu_bus_id, pid, gpu_utilization [%], mem_utilization [%], max_memory_usage [MiB], time [ms]
